  [1m[36m (17.3ms)[0m  [1mCREATE TABLE "schema_migrations" ("version" character varying(255) NOT NULL) [0m
  [1m[35m (1.3ms)[0m  CREATE UNIQUE INDEX "unique_schema_migrations" ON "schema_migrations" ("version")
  [1m[36mActiveRecord::SchemaMigration Load (0.3ms)[0m  [1mSELECT "schema_migrations".* FROM "schema_migrations"[0m
Migrating to CreateIlllocationLocations (20140207222043)
  [1m[35m (0.1ms)[0m  BEGIN
  [1m[36m (79.1ms)[0m  [1mCREATE TABLE "illlocation_locations" ("id" serial primary key, "latitude" character varying(255), "longitude" character varying(255), "latlon" geography(POINT,4326), "altitude" character varying(255), "created_at" timestamp, "updated_at" timestamp) [0m
  [1m[35m (4.3ms)[0m  SELECT f_geometry_column,coord_dimension,srid,type FROM geometry_columns WHERE f_table_name='schema_migrations'
  [1m[36mSQL (15.8ms)[0m  [1mINSERT INTO "schema_migrations" ("version") VALUES ($1)[0m  [["version", "20140207222043"]]
  [1m[35m (5.4ms)[0m  COMMIT
  [1m[36mActiveRecord::SchemaMigration Load (0.2ms)[0m  [1mSELECT "schema_migrations".* FROM "schema_migrations"[0m
  [1m[35m (1.1ms)[0m  SELECT f_geometry_column,coord_dimension,srid,type FROM geometry_columns WHERE f_table_name='illlocation_locations'
  [1m[36m (3.4ms)[0m  [1mSELECT f_geometry_column,coord_dimension,srid,type FROM geometry_columns WHERE f_table_name='illlocation_locations'[0m
  [1m[36m (4.0ms)[0m  [1mSELECT f_geometry_column,coord_dimension,srid,type FROM geometry_columns WHERE f_table_name='illlocation_locations'[0m
  [1m[35m (0.2ms)[0m  BEGIN
  [1m[36mSQL (74.0ms)[0m  [1mINSERT INTO "illlocation_locations" ("altitude", "created_at", "latitude", "longitude", "updated_at") VALUES ($1, $2, $3, $4, $5) RETURNING "id"[0m  [["altitude", "1724"], ["created_at", Fri, 07 Feb 2014 22:49:15 UTC +00:00], ["latitude", "39.9319"], ["longitude", "105.0658"], ["updated_at", Fri, 07 Feb 2014 22:49:15 UTC +00:00]]
  [1m[35m (0.5ms)[0m  COMMIT
  [1m[36m (0.1ms)[0m  [1mBEGIN[0m
  [1m[35mSQL (0.7ms)[0m  UPDATE "illlocation_locations" SET "latlon" = $1, "updated_at" = $2 WHERE "illlocation_locations"."id" = 1  [["latlon", #<RGeo::Geographic::SphericalPointImpl:0x3fc7b7cea540 "POINT (39.9319 90.0)">], ["updated_at", Fri, 07 Feb 2014 22:50:35 UTC +00:00]]
  [1m[36m (1.2ms)[0m  [1mCOMMIT[0m
  [1m[35m (0.1ms)[0m  BEGIN
  [1m[36mSQL (0.3ms)[0m  [1mINSERT INTO "illlocation_locations" ("altitude", "created_at", "latitude", "longitude", "updated_at") VALUES ($1, $2, $3, $4, $5) RETURNING "id"[0m  [["altitude", "1724"], ["created_at", Fri, 07 Feb 2014 22:52:08 UTC +00:00], ["latitude", "39.9319"], ["longitude", "99.0658"], ["updated_at", Fri, 07 Feb 2014 22:52:08 UTC +00:00]]
  [1m[35m (1.3ms)[0m  COMMIT
  [1m[36m (0.3ms)[0m  [1mSELECT COUNT(*) FROM "illlocation_locations"[0m
  [1m[35mIlllocation::Location Load (0.6ms)[0m  SELECT "illlocation_locations".* FROM "illlocation_locations" ORDER BY "illlocation_locations"."id" DESC LIMIT 1
  [1m[36mIlllocation::Location Load (0.7ms)[0m  [1mSELECT "illlocation_locations".* FROM "illlocation_locations" ORDER BY "illlocation_locations"."id" DESC LIMIT 1[0m
  [1m[35m (0.2ms)[0m  BEGIN
  [1m[36mSQL (0.5ms)[0m  [1mDELETE FROM "illlocation_locations" WHERE "illlocation_locations"."id" = $1[0m  [["id", 2]]
  [1m[35m (1.0ms)[0m  COMMIT
  [1m[36m (0.4ms)[0m  [1mSELECT COUNT(*) FROM "illlocation_locations"[0m
  [1m[35mIlllocation::Location Load (0.4ms)[0m  SELECT "illlocation_locations".* FROM "illlocation_locations" ORDER BY "illlocation_locations"."id" ASC LIMIT 1
  [1m[36mIlllocation::Location Load (0.5ms)[0m  [1mSELECT "illlocation_locations".* FROM "illlocation_locations" ORDER BY "illlocation_locations"."id" ASC LIMIT 1[0m
  [1m[35mIlllocation::Location Load (0.4ms)[0m  SELECT "illlocation_locations".* FROM "illlocation_locations" ORDER BY "illlocation_locations"."id" ASC LIMIT 1
  [1m[36mIlllocation::Location Load (0.7ms)[0m  [1mSELECT "illlocation_locations".* FROM "illlocation_locations" ORDER BY "illlocation_locations"."id" ASC LIMIT 1[0m
  [1m[35m (0.1ms)[0m  BEGIN
  [1m[36mSQL (0.5ms)[0m  [1mUPDATE "illlocation_locations" SET "latlon" = $1, "updated_at" = $2 WHERE "illlocation_locations"."id" = 2[0m  [["latlon", #<RGeo::Geographic::SphericalPointImpl:0x3fc7b7d8c9f8 "POINT (39.9 90.0)">], ["updated_at", Fri, 07 Feb 2014 23:03:25 UTC +00:00]]
  [1m[35m (0.2ms)[0m  COMMIT
  [1m[36m (0.3ms)[0m  [1mSELECT COUNT(*) FROM "illlocation_locations"[0m
  [1m[35mIlllocation::Location Load (0.7ms)[0m  SELECT "illlocation_locations".* FROM "illlocation_locations"
  [1m[36mIlllocation::Location Load (0.4ms)[0m  [1mSELECT "illlocation_locations".* FROM "illlocation_locations" ORDER BY "illlocation_locations"."id" ASC LIMIT 1[0m
  [1m[35m (0.3ms)[0m  BEGIN
  [1m[36m (0.2ms)[0m  [1mCOMMIT[0m
  [1m[35m (0.1ms)[0m  BEGIN
  [1m[36m (0.1ms)[0m  [1mCOMMIT[0m
  [1m[35m (0.1ms)[0m  BEGIN
  [1m[36m (0.1ms)[0m  [1mCOMMIT[0m
